<?xml version="1.0" encoding="UTF-8"?>
<!-- Generated by org.testng.reporters.JUnitReportReporter -->
<testsuite hostname="ITA-005" failures="0" tests="4" name="tests.Test_Booker" time="5.870" errors="0" timestamp="2023-08-19T19:52:49 IST" skipped="0">
  <testcase classname="tests.Test_Booker" name="createBooking" time="1.791"/>
  <testcase classname="tests.Test_Booker" name="getBooking" time="1.346"/>
  <testcase classname="tests.Test_Booker" name="updateBooking" time="1.413"/>
  <testcase classname="tests.Test_Booker" name="deleteBooking" time="1.320"/>
</testsuite> <!-- tests.Test_Booker -->
